<?xml version="1.0" encoding="UTF-8"?>
<!-- Generated by org.testng.reporters.JUnitReportReporter -->
<testsuite hostname="LAPTOP-S9FC233T" failures="0" tests="1" name="tests.search.SearchTest" time="21.996" errors="0" timestamp="14 янв. 2022 09:41:59 GMT" skipped="0">
  <testcase classname="tests.search.SearchTest" name="checkSearchResultsHaveDescription" time="21.996"/>
</testsuite> <!-- tests.search.SearchTest -->
